This is TeX, Version 3.14159 (C version 6.1) (format=latex 97.2.25)  22 JUN 2001 10:18
**manual1.tex
(manual1.tex
LaTeX2e <1996/12/01>
Babel <v3.6h> and hyphenation patterns for american, loaded.
(/afs/ncsa/packages/GNU/teTeX/texmf/tex/latex/base/latex209.def
File: latex209.def 1996/05/21 v0.51 Standard LaTeX file

Entering LaTeX 2.09 compatibility mode.
\footheight=\dimen102
\@maxsep=\dimen103
\@dblmaxsep=\dimen104
\@cla=\count79
\@clb=\count80
\mscount=\count81
(/afs/ncsa/packages/GNU/teTeX/texmf/tex/latex/base/tracefnt.sty
Package: tracefnt 1996/07/26 v3.0i Standard LaTeX package (font tracing)
\tracingfonts=\count82
LaTeX Info: Redefining \selectfont on input line 139.
)
\symbold=\mathgroup4
\symsans=\mathgroup5
\symtypewriter=\mathgroup6
\symitalic=\mathgroup7
\symsmallcaps=\mathgroup8
\symslanted=\mathgroup9
LaTeX Font Info:    Redeclaring math alphabet \mathbf on input line 306.
LaTeX Font Info:    Redeclaring math alphabet \mathsf on input line 307.
LaTeX Font Info:    Redeclaring math alphabet \mathtt on input line 308.
LaTeX Font Info:    Redeclaring math alphabet \mathit on input line 314.
LaTeX Info: Redefining \em on input line 324.

(/afs/ncsa/packages/GNU/teTeX/texmf/tex/latex/base/latexsym.sty
Package: latexsym 1996/11/20 v2.2d Standard LaTeX package (lasy symbols)
\symlasy=\mathgroup10
LaTeX Font Info:    Overwriting symbol font `lasy' in version `bold'
(Font)                  U/lasy/m/n --> U/lasy/b/n on input line 85.
)
LaTeX Font Info:    Redeclaring math delimiter \lgroup on input line 388.
LaTeX Font Info:    Redeclaring math delimiter \rgroup on input line 390.
LaTeX Font Info:    Redeclaring math delimiter \bracevert on input line 392.

(/afs/ncsa/packages/GNU/teTeX/texmf/tex/latex/config/latex209.cfg
(/afs/ncsa/packages/GNU/teTeX/texmf/tex/latex/tools/rawfonts.sty
Compatibility mode: package `' requested, but `rawfonts' provided.
Package: rawfonts 1994/05/08 Low-level LaTeX 2.09 font compatibility

(/afs/ncsa/packages/GNU/teTeX/texmf/tex/latex/tools/somedefs.sty
Package: somedefs 1994/06/01 Toolkit for optional definitions
)
LaTeX Font Info:    Try loading font information for U+lasy on input line 36.

(/afs/ncsa/packages/GNU/teTeX/texmf/tex/latex/base/ulasy.fd
File: ulasy.fd 1996/11/20 v2.2dLaTeX symbol font definitions
))))
(/afs/ncsa/packages/GNU/teTeX/texmf/tex/latex/base/article.cls
Document Class: article 1996/10/31 v1.3u Standard LaTeX document class
(/afs/ncsa/packages/GNU/teTeX/texmf/tex/latex/base/size12.clo
File: size12.clo 1996/10/31 v1.3u Standard LaTeX file (size option)
)
\c@part=\count83
\c@section=\count84
\c@subsection=\count85
\c@subsubsection=\count86
\c@paragraph=\count87
\c@subparagraph=\count88
\c@figure=\count89
\c@table=\count90
\abovecaptionskip=\skip41
\belowcaptionskip=\skip42
Compatibility mode: definition of \rm ignored.
Compatibility mode: definition of \sf ignored.
Compatibility mode: definition of \tt ignored.
Compatibility mode: definition of \bf ignored.
Compatibility mode: definition of \it ignored.
Compatibility mode: definition of \sl ignored.
Compatibility mode: definition of \sc ignored.
LaTeX Info: Redefining \cal on input line 542.
LaTeX Info: Redefining \mit on input line 543.
\bibindent=\dimen105
)
No file manual1.aux.
LaTeX Font Info:    Checking defaults for OML/cmm/m/it on input line 11.
LaTeX Font Info:    ... okay on input line 11.
LaTeX Font Info:    Checking defaults for T1/cmr/m/n on input line 11.
LaTeX Font Info:    ... okay on input line 11.
LaTeX Font Info:    Checking defaults for OT1/cmr/m/n on input line 11.
LaTeX Font Info:    ... okay on input line 11.
LaTeX Font Info:    Checking defaults for OMS/cmsy/m/n on input line 11.
LaTeX Font Info:    ... okay on input line 11.
LaTeX Font Info:    Checking defaults for OMX/cmex/m/n on input line 11.
LaTeX Font Info:    ... okay on input line 11.
LaTeX Font Info:    Checking defaults for U/cmr/m/n on input line 11.
LaTeX Font Info:    ... okay on input line 11.
LaTeX Font Info:    External font `cmex10' loaded for size
(Font)              <14.4> on input line 16.
LaTeX Font Info:    External font `cmex10' loaded for size
(Font)              <7> on input line 16.
LaTeX Font Info:    External font `cmex10' loaded for size
(Font)              <5> on input line 16.

LaTeX Warning: Reference `sec:installation' on page 1 undefined on input line 2
4.


Overfull \hbox (10.26857pt too wide) in paragraph at lines 24--28
\OT1/cmr/m/n/12 land (\OT1/cmtt/m/n/12 heiland@ncsa.uiuc.edu\OT1/cmr/m/n/12 ), 
Di-eter Arm-bruster (\OT1/cmtt/m/n/12 dieter@math.la.asu.edu\OT1/cmr/m/n/12 ),
 []


Overfull \hbox (11.6351pt too wide) in paragraph at lines 36--40
\OT1/cmr/m/n/12 proper or-thog-o-nal de-com-po-si-tion, prin-ci-pal com-po-nent
 anal-y-sis, in-ter-ac-tive graph-
 []

LaTeX Font Info:    External font `cmex10' loaded for size
(Font)              <12> on input line 41.
LaTeX Font Info:    External font `cmex10' loaded for size
(Font)              <8> on input line 41.
LaTeX Font Info:    External font `cmex10' loaded for size
(Font)              <6> on input line 41.
[1

] [2] [3]

LaTeX Warning: Citation `lum' on page 4 undefined on input line 200.

[4]

LaTeX Warning: Citation `sir' on page 5 undefined on input line 228.


LaTeX Warning: Citation `pre' on page 5 undefined on input line 228.


LaTeX Warning: Citation `ber' on page 5 undefined on input line 228.

[5]

LaTeX Warning: Citation `sir' on page 6 undefined on input line 315.


LaTeX Warning: Citation `pre' on page 6 undefined on input line 316.


LaTeX Warning: Reference `eq:variation' on page 6 undefined on input line 323.

[6]

LaTeX Warning: Citation `strang' on page 7 undefined on input line 331.


LaTeX Warning: Citation `newell' on page 7 undefined on input line 342.


LaTeX Warning: Citation `mees' on page 7 undefined on input line 344.


LaTeX Warning: Reference `sec:installation' on page 7 undefined on input line 3
50.


LaTeX Warning: Reference `input' on page 7 undefined on input line 355.


LaTeX Warning: Reference `sec:staticmenus' on page 7 undefined on input line 35
8.


LaTeX Warning: Reference `sec:windowdependentmenus' on page 7 undefined on inpu
t line 362.

[7]

LaTeX Warning: Citation `Swinney' on page 8 undefined on input line 394.


LaTeX Warning: Reference `fig:ct' on page 8 undefined on input line 416.

[8]

LaTeX Warning: Reference `fig:ct4' on page 9 undefined on input line 493.

[9]

LaTeX Warning: Citation `gor' on page 10 undefined on input line 510.


LaTeX Warning: Reference `fig:flames' on page 10 undefined on input line 511.


LaTeX Warning: Reference `fig:images' on page 10 undefined on input line 527.


LaTeX Warning: Reference `fig:images' on page 10 undefined on input line 537.


LaTeX Warning: Reference `fig:flamesnap' on page 10 undefined on input line 542
.


LaTeX Warning: Reference `fig:coeffs' on page 10 undefined on input line 553.


LaTeX Warning: Citation `arm' on page 10 undefined on input line 582.

[10]

LaTeX Warning: Citation `gu' on page 11 undefined on input line 616.


LaTeX Warning: Citation `nic8' on page 11 undefined on input line 624.

[11] [12]
Overfull \hbox (0.76436pt too wide) in paragraph at lines 663--665
\OT1/cmr/m/n/12 The \OT1/cmr/m/sl/12 kl-tool \OT1/cmr/m/n/12 pack-age is avail-
able from \OT1/cmtt/m/n/12 http://www.ncsa.uiuc.edu/[]~heiland/kltool/ 
 []

[13]
LaTeX Font Info:    Try loading font information for OMS+cmr on input line 712.

 (/afs/ncsa/packages/GNU/teTeX/texmf/tex/latex/base/omscmr.fd
File: omscmr.fd 1997/01/14 v2.5a Standard LaTeX font definitions
)
LaTeX Font Info:    Font shape `OMS/cmr/m/n' in size <12> not available
(Font)              Font shape `OMS/cmsy/m/n' tried instead on input line 712.


LaTeX Warning: Reference `input' on page 14 undefined on input line 713.

[14]

LaTeX Warning: Reference `energy_pc' on page 15 undefined on input line 789.


LaTeX Warning: Reference `approx_eqn' on page 15 undefined on input line 796.

[15] [16] [17]
Overfull \hbox (10.51239pt too wide) in paragraph at lines 937--946
\OT1/cmr/m/n/12 view-ing an-gle. This is most use-ful for the dis-play types \O
T1/cmr/m/sl/12 Land-scape \OT1/cmr/m/n/12 and\OT1/cmr/m/sl/12 Shaded
 []

[18]

LaTeX Warning: Reference `data_coef' on page 19 undefined on input line 972.


LaTeX Warning: Reference `data_coef' on page 19 undefined on input line 978.

[19] [20] (manual1.aux)

LaTeX Warning: There were undefined references.


LaTeX Warning: Label(s) may have changed. Rerun to get cross-references right.

 ) 
Here is how much of TeX's memory you used:
 590 strings out of 10912
 6158 string characters out of 72006
 50230 words of memory out of 262141
 3465 multiletter control sequences out of 9500
 27487 words of font info for 101 fonts, out of 150000 for 255
 14 hyphenation exceptions out of 607
 22i,9n,22p,555b,350s stack positions out of 300i,40n,60p,3000b,4000s

Output written on manual1.dvi (20 pages, 61780 bytes).
